<?xml version="1.0" encoding="UTF-8"?>
<!-- Generated by org.testng.reporters.JUnitXMLReporter -->
<testsuite ignored="0" hostname="AUSMEL277060L" failures="0" tests="6" name="Test" time="179.286" errors="0" timestamp="2021-09-19T17:18:41 AEST">
  <testcase classname="com.computerproject.testcases.TC01_Add_ComputerName" name="AddComputerDataBase" time="21.513"/>
  <testcase classname="com.computerproject.testcases.TC02_Edit_ComputerName" name="EditComputerDataBase" time="14.448"/>
  <testcase classname="com.computerproject.testcases.TC03_Delete_ComputerName" name="DeleteComputerDataBase" time="23.461"/>
  <testcase classname="com.computerproject.testcases.TC01_JS_Alert" name="test_JSAlert" time="6.166"/>
  <testcase classname="com.computerproject.testcases.TC02_JS_Confirm" name="test_JSConfirm" time="6.151"/>
  <testcase classname="com.computerproject.testcases.TC03_JS_Prompt" name="test_JSPrompt" time="9.171"/>
</testsuite> <!-- Test -->
