<?xml version="1.0" encoding="UTF-8"?>
<testng-results ignored="0" total="6" passed="6" failed="0" skipped="0">
  <reporter-output>
  </reporter-output>
  <suite started-at="2021-09-19T17:15:41 AEST" name="Suite" finished-at="2021-09-19T17:18:41 AEST" duration-ms="179286">
    <groups>
    </groups>
    <test started-at="2021-09-19T17:15:41 AEST" name="Test" finished-at="2021-09-19T17:18:41 AEST" duration-ms="179286">
      <class name="com.computerproject.testcases.TC01_JS_Alert">
        <test-method is-config="true" signature="setUp()[pri:0, instance:com.computerproject.testcases.TC01_JS_Alert@121314f7]" started-at="2021-09-19T17:17:20 AEST" name="setUp" finished-at="2021-09-19T17:17:39 AEST" duration-ms="19110" status="PASS">
          <reporter-output>
          </reporter-output>
        </test-method> <!-- setUp -->
        <test-method signature="test_JSAlert()[pri:0, instance:com.computerproject.testcases.TC01_JS_Alert@121314f7]" started-at="2021-09-19T17:17:39 AEST" name="test_JSAlert" finished-at="2021-09-19T17:17:46 AEST" duration-ms="6166" status="PASS">
          <reporter-output>
          </reporter-output>
        </test-method> <!-- test_JSAlert -->
        <test-method is-config="true" signature="tesrDown()[pri:0, instance:com.computerproject.testcases.TC01_JS_Alert@121314f7]" started-at="2021-09-19T17:17:46 AEST" name="tesrDown" finished-at="2021-09-19T17:17:46 AEST" duration-ms="296" status="PASS">
          <reporter-output>
          </reporter-output>
        </test-method> <!-- tesrDown -->
      </class> <!-- com.computerproject.testcases.TC01_JS_Alert -->
      <class name="com.computerproject.testcases.TC02_JS_Confirm">
        <test-method is-config="true" signature="setUp()[pri:0, instance:com.computerproject.testcases.TC02_JS_Confirm@130c12b7]" started-at="2021-09-19T17:17:46 AEST" name="setUp" finished-at="2021-09-19T17:17:58 AEST" duration-ms="11776" status="PASS">
          <reporter-output>
          </reporter-output>
        </test-method> <!-- setUp -->
        <test-method signature="test_JSConfirm()[pri:0, instance:com.computerproject.testcases.TC02_JS_Confirm@130c12b7]" started-at="2021-09-19T17:17:58 AEST" name="test_JSConfirm" finished-at="2021-09-19T17:18:04 AEST" duration-ms="6151" status="PASS">
          <reporter-output>
          </reporter-output>
        </test-method> <!-- test_JSConfirm -->
        <test-method is-config="true" signature="tesrDown()[pri:0, instance:com.computerproject.testcases.TC02_JS_Confirm@130c12b7]" started-at="2021-09-19T17:18:04 AEST" name="tesrDown" finished-at="2021-09-19T17:18:04 AEST" duration-ms="441" status="PASS">
          <reporter-output>
          </reporter-output>
        </test-method> <!-- tesrDown -->
      </class> <!-- com.computerproject.testcases.TC02_JS_Confirm -->
      <class name="com.computerproject.testcases.TC03_Delete_ComputerName">
        <test-method is-config="true" signature="setUp()[pri:0, instance:com.computerproject.testcases.TC03_Delete_ComputerName@60bd273d]" started-at="2021-09-19T17:16:49 AEST" name="setUp" finished-at="2021-09-19T17:16:56 AEST" duration-ms="7260" status="PASS">
          <reporter-output>
          </reporter-output>
        </test-method> <!-- setUp -->
        <test-method signature="DeleteComputerDataBase(java.lang.String)[pri:0, instance:com.computerproject.testcases.TC03_Delete_ComputerName@60bd273d]" started-at="2021-09-19T17:16:56 AEST" name="DeleteComputerDataBase" finished-at="2021-09-19T17:17:20 AEST" duration-ms="23461" status="PASS">
          <params>
            <param index="0">
              <value>
                <![CDATA[ACE]]>
              </value>
            </param>
          </params>
          <reporter-output>
          </reporter-output>
        </test-method> <!-- DeleteComputerDataBase -->
        <test-method is-config="true" signature="tesrDown()[pri:0, instance:com.computerproject.testcases.TC03_Delete_ComputerName@60bd273d]" started-at="2021-09-19T17:17:20 AEST" name="tesrDown" finished-at="2021-09-19T17:17:20 AEST" duration-ms="349" status="PASS">
          <reporter-output>
          </reporter-output>
        </test-method> <!-- tesrDown -->
      </class> <!-- com.computerproject.testcases.TC03_Delete_ComputerName -->
      <class name="com.computerproject.testcases.TC03_JS_Prompt">
        <test-method is-config="true" signature="setUp()[pri:0, instance:com.computerproject.testcases.TC03_JS_Prompt@5e600dd5]" started-at="2021-09-19T17:18:04 AEST" name="setUp" finished-at="2021-09-19T17:18:31 AEST" duration-ms="26929" status="PASS">
          <reporter-output>
          </reporter-output>
        </test-method> <!-- setUp -->
        <test-method signature="test_JSPrompt()[pri:0, instance:com.computerproject.testcases.TC03_JS_Prompt@5e600dd5]" started-at="2021-09-19T17:18:31 AEST" name="test_JSPrompt" finished-at="2021-09-19T17:18:40 AEST" duration-ms="9171" status="PASS">
          <reporter-output>
          </reporter-output>
        </test-method> <!-- test_JSPrompt -->
        <test-method is-config="true" signature="tesrDown()[pri:0, instance:com.computerproject.testcases.TC03_JS_Prompt@5e600dd5]" started-at="2021-09-19T17:18:40 AEST" name="tesrDown" finished-at="2021-09-19T17:18:41 AEST" duration-ms="265" status="PASS">
          <reporter-output>
          </reporter-output>
        </test-method> <!-- tesrDown -->
      </class> <!-- com.computerproject.testcases.TC03_JS_Prompt -->
      <class name="com.computerproject.testcases.TC02_Edit_ComputerName">
        <test-method is-config="true" signature="setUp()[pri:0, instance:com.computerproject.testcases.TC02_Edit_ComputerName@4f80542f]" started-at="2021-09-19T17:16:27 AEST" name="setUp" finished-at="2021-09-19T17:16:34 AEST" duration-ms="7249" status="PASS">
          <reporter-output>
          </reporter-output>
        </test-method> <!-- setUp -->
        <test-method signature="EditComputerDataBase(java.lang.String,java.lang.String,java.lang.String)[pri:0, instance:com.computerproject.testcases.TC02_Edit_ComputerName@4f80542f]" started-at="2021-09-19T17:16:34 AEST" name="EditComputerDataBase" finished-at="2021-09-19T17:16:49 AEST" duration-ms="14448" status="PASS">
          <params>
            <param index="0">
              <value>
                <![CDATA[ACE]]>
              </value>
            </param>
            <param index="1">
              <value>
                <![CDATA[ACE1]]>
              </value>
            </param>
            <param index="2">
              <value>
                <![CDATA[Sony]]>
              </value>
            </param>
          </params>
          <reporter-output>
          </reporter-output>
        </test-method> <!-- EditComputerDataBase -->
        <test-method is-config="true" signature="tesrDown()[pri:0, instance:com.computerproject.testcases.TC02_Edit_ComputerName@4f80542f]" started-at="2021-09-19T17:16:49 AEST" name="tesrDown" finished-at="2021-09-19T17:16:49 AEST" duration-ms="293" status="PASS">
          <reporter-output>
          </reporter-output>
        </test-method> <!-- tesrDown -->
      </class> <!-- com.computerproject.testcases.TC02_Edit_ComputerName -->
      <class name="com.computerproject.testcases.TC01_Add_ComputerName">
        <test-method is-config="true" signature="setUp()[pri:0, instance:com.computerproject.testcases.TC01_Add_ComputerName@771a660]" started-at="2021-09-19T17:15:41 AEST" name="setUp" finished-at="2021-09-19T17:16:05 AEST" duration-ms="24001" status="PASS">
          <reporter-output>
          </reporter-output>
        </test-method> <!-- setUp -->
        <test-method signature="AddComputerDataBase(java.lang.String,java.lang.String)[pri:0, instance:com.computerproject.testcases.TC01_Add_ComputerName@771a660]" started-at="2021-09-19T17:16:05 AEST" name="AddComputerDataBase" finished-at="2021-09-19T17:16:27 AEST" duration-ms="21513" status="PASS">
          <params>
            <param index="0">
              <value>
                <![CDATA[ACE]]>
              </value>
            </param>
            <param index="1">
              <value>
                <![CDATA[IBM]]>
              </value>
            </param>
          </params>
          <reporter-output>
          </reporter-output>
        </test-method> <!-- AddComputerDataBase -->
        <test-method is-config="true" signature="tesrDown()[pri:0, instance:com.computerproject.testcases.TC01_Add_ComputerName@771a660]" started-at="2021-09-19T17:16:27 AEST" name="tesrDown" finished-at="2021-09-19T17:16:27 AEST" duration-ms="335" status="PASS">
          <reporter-output>
          </reporter-output>
        </test-method> <!-- tesrDown -->
      </class> <!-- com.computerproject.testcases.TC01_Add_ComputerName -->
    </test> <!-- Test -->
  </suite> <!-- Suite -->
</testng-results>
